<?xml version="1.0" encoding="UTF-8"?>
<!-- Generated by org.testng.reporters.JUnitReportReporter -->
<testsuite hostname="CNU336BVR1" name="se.nackademin.examination.examination_jacoco.DataAnalysisTest" tests="3" failures="0" timestamp="20 Oct 2016 19:24:28 GMT" time="0.001" errors="0">
  <testcase name="test1" time="0.000" classname="se.nackademin.examination.examination_jacoco.DataAnalysisTest"/>
  <testcase name="test_getResulStringHomecityAndAge" time="0.000" classname="se.nackademin.examination.examination_jacoco.DataAnalysisTest"/>
  <testcase name="test_getResultStringNamesAndAge" time="0.001" classname="se.nackademin.examination.examination_jacoco.DataAnalysisTest"/>
</testsuite> <!-- se.nackademin.examination.examination_jacoco.DataAnalysisTest -->
