<?xml version="1.0" encoding="UTF-8"?>
<!-- Generated by org.testng.reporters.JUnitReportReporter -->
<testsuite hostname="CNU336BVR1" name="se.nackademin.examination.examination_jacoco.GameTest" tests="7" failures="0" timestamp="20 Oct 2016 19:24:28 GMT" time="0.017" errors="0">
  <testcase name="test_getAgeFromInputValues" time="0.001" classname="se.nackademin.examination.examination_jacoco.GameTest"/>
  <testcase name="test_calculateOutPutBasedOnAge" time="0.011" classname="se.nackademin.examination.examination_jacoco.GameTest"/>
  <testcase name="test_run" time="0.004" classname="se.nackademin.examination.examination_jacoco.GameTest"/>
  <testcase name="test_calculateOutPutBasedOnGender" time="0.001" classname="se.nackademin.examination.examination_jacoco.GameTest"/>
  <testcase name="test_calculateOutPutBasedOnHomeCity" time="0.000" classname="se.nackademin.examination.examination_jacoco.GameTest"/>
  <testcase name="test_calculateOutPutBasedOnNames" time="0.000" classname="se.nackademin.examination.examination_jacoco.GameTest"/>
  <testcase name="test_getGenderFromInputValues" time="0.000" classname="se.nackademin.examination.examination_jacoco.GameTest"/>
</testsuite> <!-- se.nackademin.examination.examination_jacoco.GameTest -->
